<?xml version="1.0" encoding="UTF-8"?><testsuite errors="1" failures="8" name="Pagination in Overall page" skipped="0" tests="12" time="114.62" timestamp="2021-08-10 09:23:31"><testcase name="Navigate by Input Page Number"><failure message="expected:&lt;« » page [2] of 5&gt; but was:&lt;« » page [1] of 5&gt;" type="java.lang.AssertionError">expected:&lt;« » page [2] of 5&gt; but was:&lt;« » page [1] of 5&gt;</failure><system-err>expected:&lt;« » page [2] of 5&gt; but was:&lt;« » page [1] of 5&gt;
carsRating.automation.pages.OverallPage.verifyPageNum(OverallPage.java:36)
carsRating.automation.stepDef.PaginationSteps.user_is_on_page(PaginationSteps.java:36)
✽.User is on 2 page(file:///Users/Shared/code/java/TestCarsRating/src/test/resources/features/carsRating/Pagination.feature:12)
</system-err></testcase><testcase name="Navigate by click Next Page Arrow"><failure message="expected:&lt;« » page [3] of 5&gt; but was:&lt;« » page [21] of 5&gt;" type="java.lang.AssertionError">expected:&lt;« » page [3] of 5&gt; but was:&lt;« » page [21] of 5&gt;</failure><system-err>expected:&lt;« » page [3] of 5&gt; but was:&lt;« » page [21] of 5&gt;
carsRating.automation.pages.OverallPage.verifyPageNum(OverallPage.java:36)
carsRating.automation.stepDef.PaginationSteps.it_should_be_on_page(PaginationSteps.java:56)
✽.It should be on 3 page(file:///Users/Shared/code/java/TestCarsRating/src/test/resources/features/carsRating/Pagination.feature:28)
</system-err></testcase><testcase name="Navigate by click Previous Page Arrow"><error message="element click intercepted: Element &lt;a _ngcontent-pny-7=&quot;&quot; class=&quot;btn disabled&quot;&gt;...&lt;/a&gt; is not clickable at point (1611, 1275). Other element would receive the click: &lt;div _ngcontent-pny-7=&quot;&quot; class=&quot;pull-xs-right&quot;&gt;...&lt;/div&gt;&#10;  (Session info: chrome=92.0.4515.131)&#10;Build info: version: '3.141.59', revision: 'e82be7d358', time: '2018-11-14T08:17:03'&#10;System info: host: 'Alans-iMac.hub', ip: '192.168.1.162', os.name: 'Mac OS X', os.arch: 'x86_64', os.version: '10.15.7', java.version: '1.8.0_282'&#10;Driver info: org.openqa.selenium.chrome.ChromeDriver&#10;Capabilities {acceptInsecureCerts: false, browserName: chrome, browserVersion: 92.0.4515.131, chrome: {chromedriverVersion: 92.0.4515.107 (87a818b10553..., userDataDir: /var/folders/vs/rlplndwn7js...}, goog:chromeOptions: {debuggerAddress: localhost:63963}, javascriptEnabled: true, networkConnectionEnabled: false, pageLoadStrategy: normal, platform: MAC, platformName: MAC, proxy: Proxy(), setWindowRect: true, strictFileInteractability: false, timeouts: {implicit: 0, pageLoad: 300000, script: 30000}, unhandledPromptBehavior: dismiss and notify, webauthn:extension:credBlob: true, webauthn:extension:largeBlob: true, webauthn:virtualAuthenticators: true}&#10;Session ID: 7183c532ff78a79f5d2001512a12453f&#10;Build info: version: '3.141.59', revision: 'e82be7d358', time: '2018-11-14T08:17:03'&#10;System info: host: 'Alans-iMac.hub', ip: '192.168.1.162', os.name: 'Mac OS X', os.arch: 'x86_64', os.version: '10.15.7', java.version: '1.8.0_282'&#10;Driver info: driver.version: unknown" type="org.openqa.selenium.ElementClickInterceptedException">element click intercepted: Element &lt;a _ngcontent-pny-7="" class="btn disabled"&gt;...&lt;/a&gt; is not clickable at point (1611, 1275). Other element would receive the click: &lt;div _ngcontent-pny-7="" class="pull-xs-right"&gt;...&lt;/div&gt;
  (Session info: chrome=92.0.4515.131)
Build info: version: '3.141.59', revision: 'e82be7d358', time: '2018-11-14T08:17:03'
System info: host: 'Alans-iMac.hub', ip: '192.168.1.162', os.name: 'Mac OS X', os.arch: 'x86_64', os.version: '10.15.7', java.version: '1.8.0_282'
Driver info: org.openqa.selenium.chrome.ChromeDriver
Capabilities {acceptInsecureCerts: false, browserName: chrome, browserVersion: 92.0.4515.131, chrome: {chromedriverVersion: 92.0.4515.107 (87a818b10553..., userDataDir: /var/folders/vs/rlplndwn7js...}, goog:chromeOptions: {debuggerAddress: localhost:63963}, javascriptEnabled: true, networkConnectionEnabled: false, pageLoadStrategy: normal, platform: MAC, platformName: MAC, proxy: Proxy(), setWindowRect: true, strictFileInteractability: false, timeouts: {implicit: 0, pageLoad: 300000, script: 30000}, unhandledPromptBehavior: dismiss and notify, webauthn:extension:credBlob: true, webauthn:extension:largeBlob: true, webauthn:virtualAuthenticators: true}
Session ID: 7183c532ff78a79f5d2001512a12453f
Build info: version: '3.141.59', revision: 'e82be7d358', time: '2018-11-14T08:17:03'
System info: host: 'Alans-iMac.hub', ip: '192.168.1.162', os.name: 'Mac OS X', os.arch: 'x86_64', os.version: '10.15.7', java.version: '1.8.0_282'
Driver info: driver.version: unknown</error><system-err>element click intercepted: Element &lt;a _ngcontent-pny-7="" class="btn disabled"&gt;...&lt;/a&gt; is not clickable at point (1611, 1275). Other element would receive the click: &lt;div _ngcontent-pny-7="" class="pull-xs-right"&gt;...&lt;/div&gt;
  (Session info: chrome=92.0.4515.131)
Build info: version: '3.141.59', revision: 'e82be7d358', time: '2018-11-14T08:17:03'
System info: host: 'Alans-iMac.hub', ip: '192.168.1.162', os.name: 'Mac OS X', os.arch: 'x86_64', os.version: '10.15.7', java.version: '1.8.0_282'
Driver info: org.openqa.selenium.chrome.ChromeDriver
Capabilities {acceptInsecureCerts: false, browserName: chrome, browserVersion: 92.0.4515.131, chrome: {chromedriverVersion: 92.0.4515.107 (87a818b10553..., userDataDir: /var/folders/vs/rlplndwn7js...}, goog:chromeOptions: {debuggerAddress: localhost:63963}, javascriptEnabled: true, networkConnectionEnabled: false, pageLoadStrategy: normal, platform: MAC, platformName: MAC, proxy: Proxy(), setWindowRect: true, strictFileInteractability: false, timeouts: {implicit: 0, pageLoad: 300000, script: 30000}, unhandledPromptBehavior: dismiss and notify, webauthn:extension:credBlob: true, webauthn:extension:largeBlob: true, webauthn:virtualAuthenticators: true}
Session ID: 7183c532ff78a79f5d2001512a12453f
Build info: version: '3.141.59', revision: 'e82be7d358', time: '2018-11-14T08:17:03'
System info: host: 'Alans-iMac.hub', ip: '192.168.1.162', os.name: 'Mac OS X', os.arch: 'x86_64', os.version: '10.15.7', java.version: '1.8.0_282'
Driver info: driver.version: unknown
carsRating.automation.pages.OverallPage.goToPrevPage(OverallPage.java:49)
carsRating.automation.stepDef.PaginationSteps.user_clicks_prev_page_button(PaginationSteps.java:51)
✽.User clicks Prev Page arrow(file:///Users/Shared/code/java/TestCarsRating/src/test/resources/features/carsRating/Pagination.feature:38)
</system-err></testcase><testcase name="Input Page Number is out of range"><failure message="expected:&lt;« » page 1[] of 5&gt; but was:&lt;« » page 1[6] of 5&gt;" type="java.lang.AssertionError">expected:&lt;« » page 1[] of 5&gt; but was:&lt;« » page 1[6] of 5&gt;</failure><system-err>expected:&lt;« » page 1[] of 5&gt; but was:&lt;« » page 1[6] of 5&gt;
carsRating.automation.pages.OverallPage.verifyPageNum(OverallPage.java:36)
carsRating.automation.stepDef.PaginationSteps.it_should_be_on_page(PaginationSteps.java:56)
✽.It should be on 1 page(file:///Users/Shared/code/java/TestCarsRating/src/test/resources/features/carsRating/Pagination.feature:51)
</system-err></testcase></testsuite>